<?xml version="1.0" encoding="UTF-8"?>
<!-- Generated by org.testng.reporters.JUnitReportReporter -->
<testsuite hostname="manuelfvalless" name="demoJenkins.Script" tests="1" failures="1" timestamp="25 Oct 2018 20:48:15 GMT" time="32.635" errors="0">
  <testcase name="testCartera2" time="32.635" classname="demoJenkins.Script">
    <failure type="org.openqa.selenium.ElementNotInteractableException" message="You may only interact with visible elements
Build info: version: &#039;3.13.0&#039;, revision: &#039;2f0d292&#039;, time: &#039;2018-06-25T15:32:19.891Z&#039;
System info: host: &#039;MANUELFVALLESS&#039;, ip: &#039;192.168.0.212&#039;, os.name: &#039;Windows 7&#039;, os.arch: &#039;amd64&#039;, os.version: &#039;6.1&#039;, java.version: &#039;1.8.0_161&#039;
Driver info: driver.version: HtmlUnitDriver">
      <![CDATA[org.openqa.selenium.ElementNotInteractableException: You may only interact with visible elements
Build info: version: '3.13.0', revision: '2f0d292', time: '2018-06-25T15:32:19.891Z'
System info: host: 'MANUELFVALLESS', ip: '192.168.0.212', os.name: 'Windows 7', os.arch: 'amd64', os.version: '6.1', java.version: '1.8.0_161'
Driver info: driver.version: HtmlUnitDriver
	at org.openqa.selenium.htmlunit.HtmlUnitWebElement.verifyCanInteractWithElement(HtmlUnitWebElement.java:260)
	at org.openqa.selenium.htmlunit.HtmlUnitKeyboard.sendKeys(HtmlUnitKeyboard.java:49)
	at org.openqa.selenium.htmlunit.HtmlUnitDriver.lambda$sendKeys$7(HtmlUnitDriver.java:472)
	at org.openqa.selenium.htmlunit.HtmlUnitDriver.lambda$runAsync$0(HtmlUnitDriver.java:424)
	at java.lang.Thread.run(Thread.java:748)
]]>
    </failure>
  </testcase> <!-- testCartera2 -->
</testsuite> <!-- demoJenkins.Script -->
